Determining if the pthread_create exist failed with the following output:
Change Dir: /home/jojapoppa/fedoragold-xmr-stak/xmrstak/CMakeFiles/CMakeTmp

Run Build Command:"/usr/bin/make" "cmTC_9b03a/fast"
/usr/bin/make -f CMakeFiles/cmTC_9b03a.dir/build.make CMakeFiles/cmTC_9b03a.dir/build
make[1]: Entering directory '/home/jojapoppa/fedoragold-xmr-stak/xmrstak/CMakeFiles/CMakeTmp'
Building C object CMakeFiles/cmTC_9b03a.dir/CheckSymbolExists.c.o
/usr/bin/cc    -o CMakeFiles/cmTC_9b03a.dir/CheckSymbolExists.c.o   -c /home/jojapoppa/fedoragold-xmr-stak/xmrstak/CMakeFiles/CMakeTmp/CheckSymbolExists.c
Linking C executable cmTC_9b03a
/usr/bin/cmake -E cmake_link_script CMakeFiles/cmTC_9b03a.dir/link.txt --verbose=1
/usr/bin/cc      CMakeFiles/cmTC_9b03a.dir/CheckSymbolExists.c.o  -o cmTC_9b03a 
/usr/bin/ld: CMakeFiles/cmTC_9b03a.dir/CheckSymbolExists.c.o: in function `main':
CheckSymbolExists.c:(.text+0x1f): undefined reference to `pthread_create'
collect2: error: ld returned 1 exit status
make[1]: *** [CMakeFiles/cmTC_9b03a.dir/build.make:87: cmTC_9b03a] Error 1
make[1]: Leaving directory '/home/jojapoppa/fedoragold-xmr-stak/xmrstak/CMakeFiles/CMakeTmp'
make: *** [Makefile:121: cmTC_9b03a/fast] Error 2

File /home/jojapoppa/fedoragold-xmr-stak/xmrstak/CMakeFiles/CMakeTmp/CheckSymbolExists.c:
/* */
#include <pthread.h>

int main(int argc, char** argv)
{
  (void)argv;
#ifndef pthread_create
  return ((int*)(&pthread_create))[argc];
#else
  (void)argc;
  return 0;
#endif
}

Determining if the function pthread_create exists in the pthreads failed with the following output:
Change Dir: /home/jojapoppa/fedoragold-xmr-stak/xmrstak/CMakeFiles/CMakeTmp

Run Build Command:"/usr/bin/make" "cmTC_9bd09/fast"
/usr/bin/make -f CMakeFiles/cmTC_9bd09.dir/build.make CMakeFiles/cmTC_9bd09.dir/build
make[1]: Entering directory '/home/jojapoppa/fedoragold-xmr-stak/xmrstak/CMakeFiles/CMakeTmp'
Building C object CMakeFiles/cmTC_9bd09.dir/CheckFunctionExists.c.o
/usr/bin/cc   -DCHECK_FUNCTION_EXISTS=pthread_create   -o CMakeFiles/cmTC_9bd09.dir/CheckFunctionExists.c.o   -c /usr/share/cmake-3.13/Modules/CheckFunctionExists.c
Linking C executable cmTC_9bd09
/usr/bin/cmake -E cmake_link_script CMakeFiles/cmTC_9bd09.dir/link.txt --verbose=1
/usr/bin/cc  -DCHECK_FUNCTION_EXISTS=pthread_create    CMakeFiles/cmTC_9bd09.dir/CheckFunctionExists.c.o  -o cmTC_9bd09 -lpthreads 
/usr/bin/ld: cannot find -lpthreads
collect2: error: ld returned 1 exit status
make[1]: *** [CMakeFiles/cmTC_9bd09.dir/build.make:87: cmTC_9bd09] Error 1
make[1]: Leaving directory '/home/jojapoppa/fedoragold-xmr-stak/xmrstak/CMakeFiles/CMakeTmp'
make: *** [Makefile:121: cmTC_9bd09/fast] Error 2


